0 info it worked if it ends with ok
1 verbose cli [ 'node', '/usr/local/bin/npm', 'publish' ]
2 info using npm@1.4.23
3 info using node@v0.10.31
4 verbose publish [ '.' ]
5 verbose cache add [ '.', null ]
6 verbose cache add name=undefined spec="." args=[".",null]
7 verbose parsed url { protocol: null,
7 verbose parsed url   slashes: null,
7 verbose parsed url   auth: null,
7 verbose parsed url   host: null,
7 verbose parsed url   port: null,
7 verbose parsed url   hostname: null,
7 verbose parsed url   hash: null,
7 verbose parsed url   search: null,
7 verbose parsed url   query: null,
7 verbose parsed url   pathname: '.',
7 verbose parsed url   path: '.',
7 verbose parsed url   href: '.' }
8 silly lockFile 3a52ce78- .
9 verbose lock . /Users/gringogidget/.npm/3a52ce78-.lock
10 verbose tar pack [ '/Users/gringogidget/.npm/Poop-Predictor/1.0.0/package.tgz',
10 verbose tar pack   '.' ]
11 verbose tarball /Users/gringogidget/.npm/Poop-Predictor/1.0.0/package.tgz
12 verbose folder .
13 info prepublish Poop-Predictor@1.0.0
14 silly lockFile 1f1177db-tar tar://.
15 verbose lock tar://. /Users/gringogidget/.npm/1f1177db-tar.lock
16 silly lockFile 1de4dd9e-Poop-Predictor-1-0-0-package-tgz tar:///Users/gringogidget/.npm/Poop-Predictor/1.0.0/package.tgz
17 verbose lock tar:///Users/gringogidget/.npm/Poop-Predictor/1.0.0/package.tgz /Users/gringogidget/.npm/1de4dd9e-Poop-Predictor-1-0-0-package-tgz.lock
18 silly lockFile 1f1177db-tar tar://.
19 silly lockFile 1f1177db-tar tar://.
20 silly lockFile 1de4dd9e-Poop-Predictor-1-0-0-package-tgz tar:///Users/gringogidget/.npm/Poop-Predictor/1.0.0/package.tgz
21 silly lockFile 1de4dd9e-Poop-Predictor-1-0-0-package-tgz tar:///Users/gringogidget/.npm/Poop-Predictor/1.0.0/package.tgz
22 silly lockFile 9e6b2e86-npm-Poop-Predictor-1-0-0-package /Users/gringogidget/.npm/Poop-Predictor/1.0.0/package
23 verbose lock /Users/gringogidget/.npm/Poop-Predictor/1.0.0/package /Users/gringogidget/.npm/9e6b2e86-npm-Poop-Predictor-1-0-0-package.lock
24 silly lockFile 9e6b2e86-npm-Poop-Predictor-1-0-0-package /Users/gringogidget/.npm/Poop-Predictor/1.0.0/package
25 silly lockFile 9e6b2e86-npm-Poop-Predictor-1-0-0-package /Users/gringogidget/.npm/Poop-Predictor/1.0.0/package
26 silly lockFile 3a52ce78- .
27 silly lockFile 3a52ce78- .
28 silly publish { name: 'Poop-Predictor',
28 silly publish   version: '1.0.0',
28 silly publish   description: 'A short program to let you know when you\'re going to poop next.',
28 silly publish   main: 'whenDidYouLastPoop.js',
28 silly publish   scripts: { test: 'Poop' },
28 silly publish   repository:
28 silly publish    { type: 'git',
28 silly publish      url: 'https://github.com/gringogidget/Poop-Predictor.git' },
28 silly publish   keywords: [ 'Poop', 'Predictor', 'pooppredictor', 'poop-predictor' ],
28 silly publish   author: { name: 'Kristina Groeger, @Gringogidget' },
28 silly publish   license: 'ISC',
28 silly publish   bugs: { url: 'https://github.com/gringogidget/Poop-Predictor/issues' },
28 silly publish   homepage: 'https://github.com/gringogidget/Poop-Predictor',
28 silly publish   readme: '# Poop Predictor\n\nNever get caught with your pants down.\nI wrote a short and silly little program that will help you predict when you\'re going to poop next. \nEnjoy!\n\n- Kristina :poop:\n\nDisclaimer: I accept no liability for the content of this program, or for the consequences of any actions taken on the basis of you shitting yourself. Have a wonderful day.',
28 silly publish   readmeFilename: 'README.md',
28 silly publish   gitHead: '40c4808dc4091ab54a1fc40c3c0cdc4829bc5ee9',
28 silly publish   _id: 'Poop-Predictor@1.0.0',
28 silly publish   _shasum: 'c3ce335fa16d53b12f66155d3c1b5d022a3dceae',
28 silly publish   _from: '.' }
29 verbose request where is /Poop-Predictor
30 verbose request registry https://registry.npmjs.org/
31 verbose request id 875060ea4951cd8c
32 verbose url raw /Poop-Predictor
33 verbose url resolving [ 'https://registry.npmjs.org/', './Poop-Predictor' ]
34 verbose url resolved https://registry.npmjs.org/Poop-Predictor
35 verbose request where is https://registry.npmjs.org/Poop-Predictor
36 info trying registry request attempt 1 at 19:16:42
37 http PUT https://registry.npmjs.org/Poop-Predictor
38 http 401 https://registry.npmjs.org/Poop-Predictor
39 verbose headers { date: 'Tue, 07 Apr 2015 23:16:44 GMT',
39 verbose headers   server: 'Apache',
39 verbose headers   'content-type': 'application/json',
39 verbose headers   'cache-control': 'max-age=60',
39 verbose headers   'content-length': '38',
39 verbose headers   'accept-ranges': 'bytes',
39 verbose headers   via: '1.1 varnish',
39 verbose headers   'x-served-by': 'cache-atl6233-ATL',
39 verbose headers   'x-cache': 'MISS',
39 verbose headers   'x-cache-hits': '0',
39 verbose headers   'x-timer': 'S1428448603.037292,VS0,VE1067',
39 verbose headers   'keep-alive': 'timeout=10, max=50',
39 verbose headers   connection: 'Keep-Alive' }
40 error publish Failed PUT 401
41 error Error: Request was not authorized : Poop-Predictor
41 error     at RegClient.<anonymous> (/usr/local/lib/node_modules/npm/node_modules/npm-registry-client/lib/request.js:300:14)
41 error     at Request._callback (/usr/local/lib/node_modules/npm/node_modules/npm-registry-client/lib/request.js:238:65)
41 error     at Request.self.callback (/usr/local/lib/node_modules/npm/node_modules/request/request.js:123:22)
41 error     at Request.emit (events.js:98:17)
41 error     at Request.<anonymous> (/usr/local/lib/node_modules/npm/node_modules/request/request.js:893:14)
41 error     at Request.emit (events.js:117:20)
41 error     at IncomingMessage.<anonymous> (/usr/local/lib/node_modules/npm/node_modules/request/request.js:844:12)
41 error     at IncomingMessage.emit (events.js:117:20)
41 error     at _stream_readable.js:943:16
41 error     at process._tickCallback (node.js:419:13)
42 error If you need help, you may report this *entire* log,
42 error including the npm and node versions, at:
42 error     <http://github.com/npm/npm/issues>
43 error System Darwin 14.1.0
44 error command "node" "/usr/local/bin/npm" "publish"
45 error cwd /Users/gringogidget/Documents/Github/Poop-Predictor
46 error node -v v0.10.31
47 error npm -v 1.4.23
48 verbose exit [ 1, true ]
